<?xml version="1.0" encoding="UTF-8"?>
<testsuite name="com.example.demo.springdatamongodb.PersonTests" tests="1" skipped="0" failures="0" errors="0" timestamp="2021-02-23T04:54:32" hostname="ihyeonjcBookPro" time="0.372">
  <properties/>
  <testcase name="regexMathchTests()" classname="com.example.demo.springdatamongodb.PersonTests" time="0.372"/>
  <system-out><![CDATA[13:54:30.716 [Test worker] DEBUG org.springframework.test.context.BootstrapUtils - Instantiating CacheAwareContextLoaderDelegate from class [org.springframework.test.context.cache.DefaultCacheAwareContextLoaderDelegate]
13:54:30.724 [Test worker] DEBUG org.springframework.test.context.BootstrapUtils - Instantiating BootstrapContext using constructor [public org.springframework.test.context.support.DefaultBootstrapContext(java.lang.Class,org.springframework.test.context.CacheAwareContextLoaderDelegate)]
13:54:30.747 [Test worker] DEBUG org.springframework.test.context.BootstrapUtils - Instantiating TestContextBootstrapper for test class [com.example.demo.springdatamongodb.PersonTests] from class [org.springframework.boot.test.context.SpringBootTestContextBootstrapper]
13:54:30.755 [Test worker] INFO org.springframework.boot.test.context.SpringBootTestContextBootstrapper - Neither @ContextConfiguration nor @ContextHierarchy found for test class [com.example.demo.springdatamongodb.PersonTests], using SpringBootContextLoader
13:54:30.757 [Test worker] DEBUG org.springframework.test.context.support.AbstractContextLoader - Did not detect default resource location for test class [com.example.demo.springdatamongodb.PersonTests]: class path resource [com/example/demo/springdatamongodb/PersonTests-context.xml] does not exist
13:54:30.758 [Test worker] DEBUG org.springframework.test.context.support.AbstractContextLoader - Did not detect default resource location for test class [com.example.demo.springdatamongodb.PersonTests]: class path resource [com/example/demo/springdatamongodb/PersonTestsContext.groovy] does not exist
13:54:30.758 [Test worker] INFO org.springframework.test.context.support.AbstractContextLoader - Could not detect default resource locations for test class [com.example.demo.springdatamongodb.PersonTests]: no resource found for suffixes {-context.xml, Context.groovy}.
13:54:30.758 [Test worker] INFO org.springframework.test.context.support.AnnotationConfigContextLoaderUtils - Could not detect default configuration classes for test class [com.example.demo.springdatamongodb.PersonTests]: PersonTests does not declare any static, non-private, non-final, nested classes annotated with @Configuration.
13:54:30.791 [Test worker] DEBUG org.springframework.test.context.support.ActiveProfilesUtils - Could not find an 'annotation declaring class' for annotation type [org.springframework.test.context.ActiveProfiles] and class [com.example.demo.springdatamongodb.PersonTests]
13:54:30.833 [Test worker] DEBUG org.springframework.context.annotation.ClassPathScanningCandidateComponentProvider - Identified candidate component class: file [/Users/hyeonjung/Documents/mongoDBStudy/demo/build/classes/java/main/com/example/demo/DemoApplication.class]
13:54:30.834 [Test worker] INFO org.springframework.boot.test.context.SpringBootTestContextBootstrapper - Found @SpringBootConfiguration com.example.demo.DemoApplication for test class com.example.demo.springdatamongodb.PersonTests
13:54:30.903 [Test worker] DEBUG org.springframework.boot.test.context.SpringBootTestContextBootstrapper - @TestExecutionListeners is not present for class [com.example.demo.springdatamongodb.PersonTests]: using defaults.
13:54:30.903 [Test worker] INFO org.springframework.boot.test.context.SpringBootTestContextBootstrapper - Loaded default TestExecutionListener class names from location [META-INF/spring.factories]: [org.springframework.boot.test.autoconfigure.restdocs.RestDocsTestExecutionListener, org.springframework.boot.test.autoconfigure.web.client.MockRestServiceServerResetTestExecutionListener, org.springframework.boot.test.autoconfigure.web.servlet.MockMvcPrintOnlyOnFailureTestExecutionListener, org.springframework.boot.test.autoconfigure.web.servlet.WebDriverTestExecutionListener, org.springframework.boot.test.autoconfigure.webservices.client.MockWebServiceServerTestExecutionListener, org.springframework.boot.test.mock.mockito.MockitoTestExecutionListener, org.springframework.boot.test.mock.mockito.ResetMocksTestExecutionListener, org.springframework.test.context.web.ServletTestExecutionListener, org.springframework.test.context.support.DirtiesContextBeforeModesTestExecutionListener, org.springframework.test.context.event.ApplicationEventsTestExecutionListener, org.springframework.test.context.support.DependencyInjectionTestExecutionListener, org.springframework.test.context.support.DirtiesContextTestExecutionListener, org.springframework.test.context.transaction.TransactionalTestExecutionListener, org.springframework.test.context.jdbc.SqlScriptsTestExecutionListener, org.springframework.test.context.event.EventPublishingTestExecutionListener]
13:54:30.928 [Test worker] INFO org.springframework.boot.test.context.SpringBootTestContextBootstrapper - Using TestExecutionListeners: [org.springframework.test.context.web.ServletTestExecutionListener@7b552b1e, org.springframework.test.context.support.DirtiesContextBeforeModesTestExecutionListener@4d3eb6d6, org.springframework.test.context.event.ApplicationEventsTestExecutionListener@70faecd6, org.springframework.boot.test.mock.mockito.MockitoTestExecutionListener@4fa35825, org.springframework.boot.test.autoconfigure.SpringBootDependencyInjectionTestExecutionListener@1d7c8714, org.springframework.test.context.support.DirtiesContextTestExecutionListener@254c1a6b, org.springframework.test.context.transaction.TransactionalTestExecutionListener@277de48, org.springframework.test.context.jdbc.SqlScriptsTestExecutionListener@5740dc53, org.springframework.test.context.event.EventPublishingTestExecutionListener@2e7da588, org.springframework.boot.test.autoconfigure.restdocs.RestDocsTestExecutionListener@6ba76d6e, org.springframework.boot.test.autoconfigure.web.client.MockRestServiceServerResetTestExecutionListener@571e6bcc, org.springframework.boot.test.autoconfigure.web.servlet.MockMvcPrintOnlyOnFailureTestExecutionListener@66d9738, org.springframework.boot.test.autoconfigure.web.servlet.WebDriverTestExecutionListener@457f2398, org.springframework.boot.test.autoconfigure.webservices.client.MockWebServiceServerTestExecutionListener@1563fa44, org.springframework.boot.test.mock.mockito.ResetMocksTestExecutionListener@3107a32f]
13:54:30.930 [Test worker] DEBUG org.springframework.test.context.support.AbstractDirtiesContextTestExecutionListener - Before test class: context [DefaultTestContext@7e86f189 testClass = PersonTests, testInstance = [null], testMethod = [null], testException = [null], mergedContextConfiguration = [WebMergedContextConfiguration@580b46e4 testClass = PersonTests, locations = '{}', classes = '{class com.example.demo.DemoApplication}', contextInitializerClasses = '[]', activeProfiles = '{}', propertySourceLocations = '{}', propertySourceProperties = '{org.springframework.boot.test.context.SpringBootTestContextBootstrapper=true}', contextCustomizers = set[org.springframework.boot.test.autoconfigure.actuate.metrics.MetricsExportContextCustomizerFactory$DisableMetricExportContextCustomizer@5759848f, org.springframework.boot.test.autoconfigure.properties.PropertyMappingContextCustomizer@0, org.springframework.boot.test.autoconfigure.web.servlet.WebDriverContextCustomizerFactory$Customizer@611613f2, org.springframework.boot.test.context.filter.ExcludeFilterContextCustomizer@5b9436a0, org.springframework.boot.test.json.DuplicateJsonObjectContextCustomizerFactory$DuplicateJsonObjectContextCustomizer@699581e, org.springframework.boot.test.mock.mockito.MockitoContextCustomizer@0, org.springframework.boot.test.web.client.TestRestTemplateContextCustomizer@62c62162, org.springframework.boot.test.context.SpringBootTestArgs@1, org.springframework.boot.test.context.SpringBootTestWebEnvironment@73253ae9], resourceBasePath = 'src/main/webapp', contextLoader = 'org.springframework.boot.test.context.SpringBootContextLoader', parent = [null]], attributes = map['org.springframework.test.context.web.ServletTestExecutionListener.activateListener' -> true]], class annotated with @DirtiesContext [false] with mode [null].
13:54:30.994 [Test worker] INFO org.mongodb.driver.cluster - Cluster created with settings {hosts=[localhost:27017], mode=SINGLE, requiredClusterType=UNKNOWN, serverSelectionTimeout='30000 ms'}
13:54:31.014 [Test worker] DEBUG org.mongodb.driver.cluster - Updating cluster description to  {type=UNKNOWN, servers=[{address=localhost:27017, type=UNKNOWN, state=CONNECTING}]
13:54:31.057 [cluster-rtt-ClusterId{value='60348a86aba1a4562d2b030c', description='null'}-localhost:27017] INFO org.mongodb.driver.connection - Opened connection [connectionId{localValue:2, serverValue:505}] to localhost:27017
13:54:31.057 [cluster-ClusterId{value='60348a86aba1a4562d2b030c', description='null'}-localhost:27017] INFO org.mongodb.driver.connection - Opened connection [connectionId{localValue:1, serverValue:504}] to localhost:27017
13:54:31.058 [cluster-ClusterId{value='60348a86aba1a4562d2b030c', description='null'}-localhost:27017] INFO org.mongodb.driver.cluster - Monitor thread successfully connected to server with description ServerDescription{address=localhost:27017, type=STANDALONE, state=CONNECTED, ok=true, minWireVersion=0, maxWireVersion=9, maxDocumentSize=16777216, logicalSessionTimeoutMinutes=30, roundTripTimeNanos=17906911}
13:54:31.059 [cluster-ClusterId{value='60348a86aba1a4562d2b030c', description='null'}-localhost:27017] DEBUG org.mongodb.driver.cluster - Updating cluster description to  {type=STANDALONE, servers=[{address=localhost:27017, type=STANDALONE, roundTripTime=17.9 ms, state=CONNECTED}]
13:54:31.060 [cluster-ClusterId{value='60348a86aba1a4562d2b030c', description='null'}-localhost:27017] DEBUG org.mongodb.driver.cluster - Checking status of localhost:27017
13:54:31.098 [Test worker] DEBUG org.springframework.data.convert.CustomConversions - Adding converter from class java.util.Locale to class java.lang.String as writing converter.
13:54:31.098 [Test worker] DEBUG org.springframework.data.convert.CustomConversions - Adding converter from class java.lang.Character to class java.lang.String as writing converter.
13:54:31.099 [Test worker] DEBUG org.springframework.data.convert.CustomConversions - Adding converter from class java.math.BigDecimal to class java.lang.String as writing converter.
13:54:31.099 [Test worker] DEBUG org.springframework.data.convert.CustomConversions - Adding converter from class java.math.BigDecimal to class org.bson.types.Decimal128 as writing converter.
13:54:31.099 [Test worker] DEBUG org.springframework.data.convert.CustomConversions - Adding converter from class java.lang.String to class java.math.BigDecimal as reading converter.
13:54:31.099 [Test worker] DEBUG org.springframework.data.convert.CustomConversions - Adding converter from class org.bson.types.Decimal128 to class java.math.BigDecimal as reading converter.
13:54:31.100 [Test worker] DEBUG org.springframework.data.convert.CustomConversions - Adding converter from class java.math.BigInteger to class java.lang.String as writing converter.
13:54:31.100 [Test worker] DEBUG org.springframework.data.convert.CustomConversions - Adding converter from class java.lang.String to class java.math.BigInteger as reading converter.
13:54:31.100 [Test worker] DEBUG org.springframework.data.convert.CustomConversions - Adding converter from class java.net.URL to class java.lang.String as writing converter.
13:54:31.100 [Test worker] DEBUG org.springframework.data.convert.CustomConversions - Adding converter from class java.lang.String to class java.net.URL as reading converter.
13:54:31.100 [Test worker] DEBUG org.springframework.data.convert.CustomConversions - Adding converter from class org.bson.Document to class java.lang.String as reading converter.
13:54:31.101 [Test worker] DEBUG org.springframework.data.convert.CustomConversions - Adding converter from class org.springframework.data.mongodb.core.query.Term to class java.lang.String as writing converter.
13:54:31.101 [Test worker] DEBUG org.springframework.data.convert.CustomConversions - Adding converter from class org.springframework.data.mongodb.core.script.NamedMongoScript to class org.bson.Document as writing converter.
13:54:31.101 [Test worker] DEBUG org.springframework.data.convert.CustomConversions - Adding converter from class org.bson.Document to class org.springframework.data.mongodb.core.script.NamedMongoScript as reading converter.
13:54:31.101 [Test worker] DEBUG org.springframework.data.convert.CustomConversions - Adding converter from class java.util.Currency to class java.lang.String as writing converter.
13:54:31.101 [Test worker] DEBUG org.springframework.data.convert.CustomConversions - Adding converter from class java.lang.String to class java.util.Currency as reading converter.
13:54:31.101 [Test worker] DEBUG org.springframework.data.convert.CustomConversions - Adding converter from class java.util.concurrent.atomic.AtomicInteger to class java.lang.Integer as writing converter.
13:54:31.102 [Test worker] DEBUG org.springframework.data.convert.CustomConversions - Adding converter from class java.util.concurrent.atomic.AtomicLong to class java.lang.Long as writing converter.
13:54:31.102 [Test worker] DEBUG org.springframework.data.convert.CustomConversions - Adding converter from class java.lang.Long to class java.util.concurrent.atomic.AtomicLong as reading converter.
13:54:31.102 [Test worker] DEBUG org.springframework.data.convert.CustomConversions - Adding converter from class java.lang.Integer to class java.util.concurrent.atomic.AtomicInteger as reading converter.
13:54:31.102 [Test worker] DEBUG org.springframework.data.convert.CustomConversions - Adding converter from class org.bson.types.Binary to class [B as reading converter.
13:54:31.102 [Test worker] DEBUG org.springframework.data.convert.CustomConversions - Adding converter from class org.bson.BsonTimestamp to class java.time.Instant as reading converter.
13:54:31.102 [Test worker] DEBUG org.springframework.data.convert.CustomConversions - Adding converter from class java.net.URI to class java.lang.String as writing converter.
13:54:31.102 [Test worker] DEBUG org.springframework.data.convert.CustomConversions - Adding converter from class java.lang.String to class java.net.URI as reading converter.
13:54:31.102 [Test worker] DEBUG org.springframework.data.convert.CustomConversions - Adding converter from class org.springframework.data.geo.Box to class org.bson.Document as writing converter.
13:54:31.103 [Test worker] DEBUG org.springframework.data.convert.CustomConversions - Adding converter from class org.springframework.data.geo.Polygon to class org.bson.Document as writing converter.
13:54:31.103 [Test worker] DEBUG org.springframework.data.convert.CustomConversions - Adding converter from class org.springframework.data.geo.Circle to class org.bson.Document as writing converter.
13:54:31.103 [Test worker] DEBUG org.springframework.data.convert.CustomConversions - Adding converter from class org.springframework.data.mongodb.core.geo.Sphere to class org.bson.Document as writing converter.
13:54:31.103 [Test worker] DEBUG org.springframework.data.convert.CustomConversions - Adding converter from class org.bson.Document to class org.springframework.data.geo.Box as reading converter.
13:54:31.103 [Test worker] DEBUG org.springframework.data.convert.CustomConversions - Adding converter from class org.bson.Document to class org.springframework.data.geo.Polygon as reading converter.
13:54:31.103 [Test worker] DEBUG org.springframework.data.convert.CustomConversions - Adding converter from class org.bson.Document to class org.springframework.data.geo.Circle as reading converter.
13:54:31.103 [Test worker] DEBUG org.springframework.data.convert.CustomConversions - Adding converter from class org.bson.Document to class org.springframework.data.mongodb.core.geo.Sphere as reading converter.
13:54:31.104 [Test worker] DEBUG org.springframework.data.convert.CustomConversions - Adding converter from class org.bson.Document to class org.springframework.data.geo.Point as reading converter.
13:54:31.104 [Test worker] DEBUG org.springframework.data.convert.CustomConversions - Adding converter from class org.springframework.data.geo.Point to class org.bson.Document as writing converter.
13:54:31.104 [Test worker] DEBUG org.springframework.data.convert.CustomConversions - Adding converter from class org.springframework.data.mongodb.core.query.GeoCommand to class org.bson.Document as writing converter.
13:54:31.104 [Test worker] DEBUG org.springframework.data.convert.CustomConversions - Adding converter from interface org.springframework.data.mongodb.core.geo.GeoJson to class org.bson.Document as writing converter.
13:54:31.104 [Test worker] DEBUG org.springframework.data.convert.CustomConversions - Adding converter from class org.springframework.data.mongodb.core.geo.GeoJsonPoint to class org.bson.Document as writing converter.
13:54:31.104 [Test worker] DEBUG org.springframework.data.convert.CustomConversions - Adding converter from class org.springframework.data.mongodb.core.geo.GeoJsonPolygon to class org.bson.Document as writing converter.
13:54:31.104 [Test worker] DEBUG org.springframework.data.convert.CustomConversions - Adding converter from class org.bson.Document to class org.springframework.data.mongodb.core.geo.GeoJsonPoint as reading converter.
13:54:31.104 [Test worker] DEBUG org.springframework.data.convert.CustomConversions - Adding converter from class org.bson.Document to class org.springframework.data.mongodb.core.geo.GeoJsonPolygon as reading converter.
13:54:31.105 [Test worker] DEBUG org.springframework.data.convert.CustomConversions - Adding converter from class org.bson.Document to class org.springframework.data.mongodb.core.geo.GeoJsonLineString as reading converter.
13:54:31.105 [Test worker] DEBUG org.springframework.data.convert.CustomConversions - Adding converter from class org.bson.Document to class org.springframework.data.mongodb.core.geo.GeoJsonMultiLineString as reading converter.
13:54:31.105 [Test worker] DEBUG org.springframework.data.convert.CustomConversions - Adding converter from class org.bson.Document to class org.springframework.data.mongodb.core.geo.GeoJsonMultiPoint as reading converter.
13:54:31.105 [Test worker] DEBUG org.springframework.data.convert.CustomConversions - Adding converter from class org.bson.Document to class org.springframework.data.mongodb.core.geo.GeoJsonMultiPolygon as reading converter.
13:54:31.105 [Test worker] DEBUG org.springframework.data.convert.CustomConversions - Adding converter from class org.bson.Document to class org.springframework.data.mongodb.core.geo.GeoJsonGeometryCollection as reading converter.
13:54:31.105 [Test worker] DEBUG org.springframework.data.convert.CustomConversions - Adding converter from class org.bson.Document to interface org.springframework.data.mongodb.core.geo.GeoJson as reading converter.
13:54:31.105 [Test worker] DEBUG org.springframework.data.convert.CustomConversions - Adding converter from class java.util.Date to class java.time.LocalDateTime as reading converter.
13:54:31.106 [Test worker] DEBUG org.springframework.data.convert.CustomConversions - Adding converter from class java.time.LocalDateTime to class java.util.Date as writing converter.
13:54:31.106 [Test worker] DEBUG org.springframework.data.convert.CustomConversions - Adding converter from class java.util.Date to class java.time.LocalDate as reading converter.
13:54:31.106 [Test worker] DEBUG org.springframework.data.convert.CustomConversions - Adding converter from class java.time.LocalDate to class java.util.Date as writing converter.
13:54:31.106 [Test worker] DEBUG org.springframework.data.convert.CustomConversions - Adding converter from class java.util.Date to class java.time.LocalTime as reading converter.
13:54:31.106 [Test worker] DEBUG org.springframework.data.convert.CustomConversions - Adding converter from class java.time.LocalTime to class java.util.Date as writing converter.
13:54:31.106 [Test worker] DEBUG org.springframework.data.convert.CustomConversions - Adding converter from class java.util.Date to class java.time.Instant as reading converter.
13:54:31.106 [Test worker] DEBUG org.springframework.data.convert.CustomConversions - Adding converter from class java.time.Instant to class java.util.Date as writing converter.
13:54:31.106 [Test worker] DEBUG org.springframework.data.convert.CustomConversions - Skipping converter from class java.time.LocalDateTime to class java.time.Instant as reading converter. class java.time.LocalDateTime is not a store supported simple type!
13:54:31.106 [Test worker] DEBUG org.springframework.data.convert.CustomConversions - Skipping converter from class java.time.Instant to class java.time.LocalDateTime as reading converter. class java.time.Instant is not a store supported simple type!
13:54:31.106 [Test worker] DEBUG org.springframework.data.convert.CustomConversions - Adding converter from class java.time.ZoneId to class java.lang.String as writing converter.
13:54:31.107 [Test worker] DEBUG org.springframework.data.convert.CustomConversions - Adding converter from class java.lang.String to class java.time.ZoneId as reading converter.
13:54:31.107 [Test worker] DEBUG org.springframework.data.convert.CustomConversions - Adding converter from class java.time.Duration to class java.lang.String as writing converter.
13:54:31.107 [Test worker] DEBUG org.springframework.data.convert.CustomConversions - Adding converter from class java.lang.String to class java.time.Duration as reading converter.
13:54:31.107 [Test worker] DEBUG org.springframework.data.convert.CustomConversions - Adding converter from class java.time.Period to class java.lang.String as writing converter.
13:54:31.107 [Test worker] DEBUG org.springframework.data.convert.CustomConversions - Adding converter from class java.lang.String to class java.time.Period as reading converter.
13:54:31.107 [Test worker] DEBUG org.springframework.data.convert.CustomConversions - Adding converter from class java.lang.String to class java.time.LocalDate as reading converter.
13:54:31.107 [Test worker] DEBUG org.springframework.data.convert.CustomConversions - Adding converter from class java.lang.String to class java.time.LocalDateTime as reading converter.
13:54:31.107 [Test worker] DEBUG org.springframework.data.convert.CustomConversions - Adding converter from class java.lang.String to class java.time.Instant as reading converter.
13:54:31.119 [Test worker] DEBUG org.springframework.data.convert.CustomConversions - Adding converter from class java.util.Locale to class java.lang.String as writing converter.
13:54:31.120 [Test worker] DEBUG org.springframework.data.convert.CustomConversions - Adding converter from class java.lang.Character to class java.lang.String as writing converter.
13:54:31.120 [Test worker] DEBUG org.springframework.data.convert.CustomConversions - Adding converter from class java.math.BigDecimal to class java.lang.String as writing converter.
13:54:31.120 [Test worker] DEBUG org.springframework.data.convert.CustomConversions - Adding converter from class java.math.BigDecimal to class org.bson.types.Decimal128 as writing converter.
13:54:31.120 [Test worker] DEBUG org.springframework.data.convert.CustomConversions - Adding converter from class java.lang.String to class java.math.BigDecimal as reading converter.
13:54:31.120 [Test worker] DEBUG org.springframework.data.convert.CustomConversions - Adding converter from class org.bson.types.Decimal128 to class java.math.BigDecimal as reading converter.
13:54:31.120 [Test worker] DEBUG org.springframework.data.convert.CustomConversions - Adding converter from class java.math.BigInteger to class java.lang.String as writing converter.
13:54:31.120 [Test worker] DEBUG org.springframework.data.convert.CustomConversions - Adding converter from class java.lang.String to class java.math.BigInteger as reading converter.
13:54:31.120 [Test worker] DEBUG org.springframework.data.convert.CustomConversions - Adding converter from class java.net.URL to class java.lang.String as writing converter.
13:54:31.121 [Test worker] DEBUG org.springframework.data.convert.CustomConversions - Adding converter from class java.lang.String to class java.net.URL as reading converter.
13:54:31.121 [Test worker] DEBUG org.springframework.data.convert.CustomConversions - Adding converter from class org.bson.Document to class java.lang.String as reading converter.
13:54:31.121 [Test worker] DEBUG org.springframework.data.convert.CustomConversions - Adding converter from class org.springframework.data.mongodb.core.query.Term to class java.lang.String as writing converter.
13:54:31.121 [Test worker] DEBUG org.springframework.data.convert.CustomConversions - Adding converter from class org.springframework.data.mongodb.core.script.NamedMongoScript to class org.bson.Document as writing converter.
13:54:31.121 [Test worker] DEBUG org.springframework.data.convert.CustomConversions - Adding converter from class org.bson.Document to class org.springframework.data.mongodb.core.script.NamedMongoScript as reading converter.
13:54:31.121 [Test worker] DEBUG org.springframework.data.convert.CustomConversions - Adding converter from class java.util.Currency to class java.lang.String as writing converter.
13:54:31.121 [Test worker] DEBUG org.springframework.data.convert.CustomConversions - Adding converter from class java.lang.String to class java.util.Currency as reading converter.
13:54:31.121 [Test worker] DEBUG org.springframework.data.convert.CustomConversions - Adding converter from class java.util.concurrent.atomic.AtomicInteger to class java.lang.Integer as writing converter.
13:54:31.121 [Test worker] DEBUG org.springframework.data.convert.CustomConversions - Adding converter from class java.util.concurrent.atomic.AtomicLong to class java.lang.Long as writing converter.
13:54:31.121 [Test worker] DEBUG org.springframework.data.convert.CustomConversions - Adding converter from class java.lang.Long to class java.util.concurrent.atomic.AtomicLong as reading converter.
13:54:31.121 [Test worker] DEBUG org.springframework.data.convert.CustomConversions - Adding converter from class java.lang.Integer to class java.util.concurrent.atomic.AtomicInteger as reading converter.
13:54:31.122 [Test worker] DEBUG org.springframework.data.convert.CustomConversions - Adding converter from class org.bson.types.Binary to class [B as reading converter.
13:54:31.122 [Test worker] DEBUG org.springframework.data.convert.CustomConversions - Adding converter from class org.bson.BsonTimestamp to class java.time.Instant as reading converter.
13:54:31.122 [Test worker] DEBUG org.springframework.data.convert.CustomConversions - Adding converter from class java.net.URI to class java.lang.String as writing converter.
13:54:31.122 [Test worker] DEBUG org.springframework.data.convert.CustomConversions - Adding converter from class java.lang.String to class java.net.URI as reading converter.
13:54:31.122 [Test worker] DEBUG org.springframework.data.convert.CustomConversions - Adding converter from class org.springframework.data.geo.Box to class org.bson.Document as writing converter.
13:54:31.122 [Test worker] DEBUG org.springframework.data.convert.CustomConversions - Adding converter from class org.springframework.data.geo.Polygon to class org.bson.Document as writing converter.
13:54:31.122 [Test worker] DEBUG org.springframework.data.convert.CustomConversions - Adding converter from class org.springframework.data.geo.Circle to class org.bson.Document as writing converter.
13:54:31.122 [Test worker] DEBUG org.springframework.data.convert.CustomConversions - Adding converter from class org.springframework.data.mongodb.core.geo.Sphere to class org.bson.Document as writing converter.
13:54:31.122 [Test worker] DEBUG org.springframework.data.convert.CustomConversions - Adding converter from class org.bson.Document to class org.springframework.data.geo.Box as reading converter.
13:54:31.122 [Test worker] DEBUG org.springframework.data.convert.CustomConversions - Adding converter from class org.bson.Document to class org.springframework.data.geo.Polygon as reading converter.
13:54:31.123 [Test worker] DEBUG org.springframework.data.convert.CustomConversions - Adding converter from class org.bson.Document to class org.springframework.data.geo.Circle as reading converter.
13:54:31.123 [Test worker] DEBUG org.springframework.data.convert.CustomConversions - Adding converter from class org.bson.Document to class org.springframework.data.mongodb.core.geo.Sphere as reading converter.
13:54:31.123 [Test worker] DEBUG org.springframework.data.convert.CustomConversions - Adding converter from class org.bson.Document to class org.springframework.data.geo.Point as reading converter.
13:54:31.123 [Test worker] DEBUG org.springframework.data.convert.CustomConversions - Adding converter from class org.springframework.data.geo.Point to class org.bson.Document as writing converter.
13:54:31.123 [Test worker] DEBUG org.springframework.data.convert.CustomConversions - Adding converter from class org.springframework.data.mongodb.core.query.GeoCommand to class org.bson.Document as writing converter.
13:54:31.123 [Test worker] DEBUG org.springframework.data.convert.CustomConversions - Adding converter from interface org.springframework.data.mongodb.core.geo.GeoJson to class org.bson.Document as writing converter.
13:54:31.123 [Test worker] DEBUG org.springframework.data.convert.CustomConversions - Adding converter from class org.springframework.data.mongodb.core.geo.GeoJsonPoint to class org.bson.Document as writing converter.
13:54:31.123 [Test worker] DEBUG org.springframework.data.convert.CustomConversions - Adding converter from class org.springframework.data.mongodb.core.geo.GeoJsonPolygon to class org.bson.Document as writing converter.
13:54:31.123 [Test worker] DEBUG org.springframework.data.convert.CustomConversions - Adding converter from class org.bson.Document to class org.springframework.data.mongodb.core.geo.GeoJsonPoint as reading converter.
13:54:31.123 [Test worker] DEBUG org.springframework.data.convert.CustomConversions - Adding converter from class org.bson.Document to class org.springframework.data.mongodb.core.geo.GeoJsonPolygon as reading converter.
13:54:31.123 [Test worker] DEBUG org.springframework.data.convert.CustomConversions - Adding converter from class org.bson.Document to class org.springframework.data.mongodb.core.geo.GeoJsonLineString as reading converter.
13:54:31.124 [Test worker] DEBUG org.springframework.data.convert.CustomConversions - Adding converter from class org.bson.Document to class org.springframework.data.mongodb.core.geo.GeoJsonMultiLineString as reading converter.
13:54:31.124 [Test worker] DEBUG org.springframework.data.convert.CustomConversions - Adding converter from class org.bson.Document to class org.springframework.data.mongodb.core.geo.GeoJsonMultiPoint as reading converter.
13:54:31.124 [Test worker] DEBUG org.springframework.data.convert.CustomConversions - Adding converter from class org.bson.Document to class org.springframework.data.mongodb.core.geo.GeoJsonMultiPolygon as reading converter.
13:54:31.124 [Test worker] DEBUG org.springframework.data.convert.CustomConversions - Adding converter from class org.bson.Document to class org.springframework.data.mongodb.core.geo.GeoJsonGeometryCollection as reading converter.
13:54:31.124 [Test worker] DEBUG org.springframework.data.convert.CustomConversions - Adding converter from class org.bson.Document to interface org.springframework.data.mongodb.core.geo.GeoJson as reading converter.
13:54:31.124 [Test worker] DEBUG org.springframework.data.convert.CustomConversions - Adding converter from class java.util.Date to class java.time.LocalDateTime as reading converter.
13:54:31.124 [Test worker] DEBUG org.springframework.data.convert.CustomConversions - Adding converter from class java.time.LocalDateTime to class java.util.Date as writing converter.
13:54:31.124 [Test worker] DEBUG org.springframework.data.convert.CustomConversions - Adding converter from class java.util.Date to class java.time.LocalDate as reading converter.
13:54:31.124 [Test worker] DEBUG org.springframework.data.convert.CustomConversions - Adding converter from class java.time.LocalDate to class java.util.Date as writing converter.
13:54:31.124 [Test worker] DEBUG org.springframework.data.convert.CustomConversions - Adding converter from class java.util.Date to class java.time.LocalTime as reading converter.
13:54:31.125 [Test worker] DEBUG org.springframework.data.convert.CustomConversions - Adding converter from class java.time.LocalTime to class java.util.Date as writing converter.
13:54:31.125 [Test worker] DEBUG org.springframework.data.convert.CustomConversions - Adding converter from class java.util.Date to class java.time.Instant as reading converter.
13:54:31.125 [Test worker] DEBUG org.springframework.data.convert.CustomConversions - Adding converter from class java.time.Instant to class java.util.Date as writing converter.
13:54:31.125 [Test worker] DEBUG org.springframework.data.convert.CustomConversions - Skipping converter from class java.time.LocalDateTime to class java.time.Instant as reading converter. class java.time.LocalDateTime is not a store supported simple type!
13:54:31.125 [Test worker] DEBUG org.springframework.data.convert.CustomConversions - Skipping converter from class java.time.Instant to class java.time.LocalDateTime as reading converter. class java.time.Instant is not a store supported simple type!
13:54:31.125 [Test worker] DEBUG org.springframework.data.convert.CustomConversions - Adding converter from class java.time.ZoneId to class java.lang.String as writing converter.
13:54:31.125 [Test worker] DEBUG org.springframework.data.convert.CustomConversions - Adding converter from class java.lang.String to class java.time.ZoneId as reading converter.
13:54:31.125 [Test worker] DEBUG org.springframework.data.convert.CustomConversions - Adding converter from class java.time.Duration to class java.lang.String as writing converter.
13:54:31.125 [Test worker] DEBUG org.springframework.data.convert.CustomConversions - Adding converter from class java.lang.String to class java.time.Duration as reading converter.
13:54:31.125 [Test worker] DEBUG org.springframework.data.convert.CustomConversions - Adding converter from class java.time.Period to class java.lang.String as writing converter.
13:54:31.126 [Test worker] DEBUG org.springframework.data.convert.CustomConversions - Adding converter from class java.lang.String to class java.time.Period as reading converter.
13:54:31.126 [Test worker] DEBUG org.springframework.data.convert.CustomConversions - Adding converter from class java.lang.String to class java.time.LocalDate as reading converter.
13:54:31.126 [Test worker] DEBUG org.springframework.data.convert.CustomConversions - Adding converter from class java.lang.String to class java.time.LocalDateTime as reading converter.
13:54:31.126 [Test worker] DEBUG org.springframework.data.convert.CustomConversions - Adding converter from class java.lang.String to class java.time.Instant as reading converter.
13:54:31.176 [Test worker] DEBUG org.springframework.test.context.support.TestPropertySourceUtils - Adding inlined properties to environment: {spring.jmx.enabled=false, org.springframework.boot.test.context.SpringBootTestContextBootstrapper=true}

  .   ____          _            __ _ _
 /\\ / ___'_ __ _ _(_)_ __  __ _ \ \ \ \
( ( )\___ | '_ | '_| | '_ \/ _` | \ \ \ \
 \\/  ___)| |_)| | | | | || (_| |  ) ) ) )
  '  |____| .__|_| |_|_| |_\__, | / / / /
 =========|_|==============|___/=/_/_/_/
 :: Spring Boot ::                (v2.4.2)

2021-02-23 13:54:31.415  INFO 33006 --- [    Test worker] c.e.demo.springdatamongodb.PersonTests   : Starting PersonTests using Java 11.0.10 on ihyeonjcBookPro with PID 33006 (started by hyeonjung in /Users/hyeonjung/Documents/mongoDBStudy/demo)
2021-02-23 13:54:31.417  INFO 33006 --- [    Test worker] c.e.demo.springdatamongodb.PersonTests   : No active profile set, falling back to default profiles: default
2021-02-23 13:54:31.840  INFO 33006 --- [    Test worker] .s.d.r.c.RepositoryConfigurationDelegate : Bootstrapping Spring Data MongoDB repositories in DEFAULT mode.
2021-02-23 13:54:31.868  INFO 33006 --- [    Test worker] .s.d.r.c.RepositoryConfigurationDelegate : Finished Spring Data repository scanning in 25 ms. Found 1 MongoDB repository interfaces.
2021-02-23 13:54:32.060  INFO 33006 --- [    Test worker] org.mongodb.driver.cluster               : Cluster created with settings {hosts=[localhost:27017], mode=SINGLE, requiredClusterType=UNKNOWN, serverSelectionTimeout='30000 ms'}
2021-02-23 13:54:32.063  INFO 33006 --- [localhost:27017] org.mongodb.driver.connection            : Opened connection [connectionId{localValue:4, serverValue:506}] to localhost:27017
2021-02-23 13:54:32.063  INFO 33006 --- [localhost:27017] org.mongodb.driver.connection            : Opened connection [connectionId{localValue:3, serverValue:507}] to localhost:27017
2021-02-23 13:54:32.064  INFO 33006 --- [localhost:27017] org.mongodb.driver.cluster               : Monitor thread successfully connected to server with description ServerDescription{address=localhost:27017, type=STANDALONE, state=CONNECTED, ok=true, minWireVersion=0, maxWireVersion=9, maxDocumentSize=16777216, logicalSessionTimeoutMinutes=30, roundTripTimeNanos=1252875}
2021-02-23 13:54:32.078  INFO 33006 --- [    Test worker] org.mongodb.driver.cluster               : Cluster created with settings {hosts=[localhost:27017], mode=SINGLE, requiredClusterType=UNKNOWN, serverSelectionTimeout='30000 ms'}
2021-02-23 13:54:32.079  INFO 33006 --- [    Test worker] org.mongodb.driver.cluster               : Cluster created with settings {hosts=[localhost:27017], mode=SINGLE, requiredClusterType=UNKNOWN, serverSelectionTimeout='30000 ms'}
2021-02-23 13:54:32.080  INFO 33006 --- [localhost:27017] org.mongodb.driver.connection            : Opened connection [connectionId{localValue:5, serverValue:508}] to localhost:27017
2021-02-23 13:54:32.080  INFO 33006 --- [localhost:27017] org.mongodb.driver.connection            : Opened connection [connectionId{localValue:6, serverValue:509}] to localhost:27017
2021-02-23 13:54:32.081  INFO 33006 --- [localhost:27017] org.mongodb.driver.cluster               : Monitor thread successfully connected to server with description ServerDescription{address=localhost:27017, type=STANDALONE, state=CONNECTED, ok=true, minWireVersion=0, maxWireVersion=9, maxDocumentSize=16777216, logicalSessionTimeoutMinutes=30, roundTripTimeNanos=1247614}
2021-02-23 13:54:32.083  INFO 33006 --- [localhost:27017] org.mongodb.driver.connection            : Opened connection [connectionId{localValue:7, serverValue:511}] to localhost:27017
2021-02-23 13:54:32.083  INFO 33006 --- [localhost:27017] org.mongodb.driver.connection            : Opened connection [connectionId{localValue:8, serverValue:510}] to localhost:27017
2021-02-23 13:54:32.083  INFO 33006 --- [localhost:27017] org.mongodb.driver.cluster               : Monitor thread successfully connected to server with description ServerDescription{address=localhost:27017, type=STANDALONE, state=CONNECTED, ok=true, minWireVersion=0, maxWireVersion=9, maxDocumentSize=16777216, logicalSessionTimeoutMinutes=30, roundTripTimeNanos=1065319}
2021-02-23 13:54:32.477  INFO 33006 --- [    Test worker] o.s.s.concurrent.ThreadPoolTaskExecutor  : Initializing ExecutorService 'applicationTaskExecutor'
2021-02-23 13:54:32.913  INFO 33006 --- [    Test worker] c.e.demo.springdatamongodb.PersonTests   : Started PersonTests in 1.731 seconds (JVM running for 2.858)
2021-02-23 13:54:33.220  INFO 33006 --- [    Test worker] c.e.demo.springdatamongodb.PersonTests   : =================================================
2021-02-23 13:54:33.264  INFO 33006 --- [    Test worker] org.mongodb.driver.connection            : Opened connection [connectionId{localValue:9, serverValue:512}] to localhost:27017
2021-02-23 13:54:33.291  INFO 33006 --- [    Test worker] c.e.demo.springdatamongodb.PersonTests   : Customer[id=602dbba3fbb8410f291732bd, firstName='son', lastName='hyeonjung']
2021-02-23 13:54:33.292  INFO 33006 --- [    Test worker] c.e.demo.springdatamongodb.PersonTests   : Customer[id=602dbba3fbb8410f291732be, firstName='kim', lastName='hyeonjung']
2021-02-23 13:54:33.292  INFO 33006 --- [    Test worker] c.e.demo.springdatamongodb.PersonTests   : Customer[id=6032f2b40eb3e1745c199214, firstName='son', lastName='hyeonjung']
2021-02-23 13:54:33.292  INFO 33006 --- [    Test worker] c.e.demo.springdatamongodb.PersonTests   : Customer[id=6032f2b40eb3e1745c199215, firstName='kim', lastName='hyeonjung']
2021-02-23 13:54:33.292  INFO 33006 --- [    Test worker] c.e.demo.springdatamongodb.PersonTests   : =================================================
]]></system-out>
  <system-err><![CDATA[]]></system-err>
</testsuite>
